0 silly argv {
0 silly argv   _: [ 'import' ],
0 silly argv   dest: 'packages/466/the1',
0 silly argv   'preserve-commit': true,
0 silly argv   preserveCommit: true,
0 silly argv   lernaVersion: '6.4.1',
0 silly argv   '$0': '/home/enes/.npm/_npx/d5cad42883f80c04/node_modules/.bin/lerna',
0 silly argv   dir: '../466-the1'
0 silly argv }
1 notice cli v6.4.1
2 verbose rootPath /home/enes/projects/lerna-repo
3 error Error: Command failed with exit code 128: git rev-parse HEAD
3 error fatal: ambiguous argument 'HEAD': unknown revision or path not in the working tree.
3 error Use '--' to separate paths from revisions, like this:
3 error 'git <command> [<revision>...] -- [<file>...]'
3 error HEAD
3 error     at makeError (/home/enes/.npm/_npx/d5cad42883f80c04/node_modules/execa/lib/error.js:60:11)
3 error     at module.exports.sync (/home/enes/.npm/_npx/d5cad42883f80c04/node_modules/execa/index.js:194:17)
3 error     at Object.execSync (/home/enes/.npm/_npx/d5cad42883f80c04/node_modules/@lerna/child-process/index.js:39:16)
3 error     at ImportCommand.execSync (/home/enes/.npm/_npx/d5cad42883f80c04/node_modules/@lerna/import/index.js:141:25)
3 error     at ImportCommand.getCurrentSHA (/home/enes/.npm/_npx/d5cad42883f80c04/node_modules/@lerna/import/index.js:133:17)
3 error     at ImportCommand.initialize (/home/enes/.npm/_npx/d5cad42883f80c04/node_modules/@lerna/import/index.js:102:31)
